<?xml version="1.0" encoding="UTF-8"?>
<!-- Generated by org.testng.reporters.JUnitReportReporter -->
<testsuite hostname="DESKTOP-HHTFBOV" name="com.inetBank.TestCases.TC_LoginTest_01" tests="1" failures="0" timestamp="12 Dec 2019 16:58:19 GMT" time="12.355" errors="0">
  <testcase name="loginTest" time="12.355" classname="com.inetBank.TestCases.TC_LoginTest_01"/>
</testsuite> <!-- com.inetBank.TestCases.TC_LoginTest_01 -->
