<?xml version="1.0" encoding="UTF-8"?>
<!-- Generated by org.testng.reporters.JUnitReportReporter -->
<testsuite hostname="DESKTOP-HHTFBOV" name="com.inetBank.TestCases.Demotest" tests="1" failures="0" timestamp="9 Dec 2019 04:00:23 GMT" time="0.059" errors="0">
  <testcase name="testDemo" time="0.059" classname="com.inetBank.TestCases.Demotest"/>
</testsuite> <!-- com.inetBank.TestCases.Demotest -->
