<?xml version="1.0" encoding="UTF-8"?>
<!-- Generated by org.testng.reporters.JUnitReportReporter -->
<testsuite skipped="0" hostname="DESKTOP-HHTFBOV" name="com.inetBank.TestCases.CreateCustomer" tests="1" failures="0" timestamp="2020-01-21T23:17:52 IST" time="38.794" errors="0">
  <testcase name="testCreateCustomer" time="38.794" classname="com.inetBank.TestCases.CreateCustomer"/>
</testsuite> <!-- com.inetBank.TestCases.CreateCustomer -->
